<?xml version="1.0" encoding="UTF-8"?>
<testng-results skipped="0" failed="0" ignored="0" total="1" passed="1">
  <reporter-output>
  </reporter-output>
  <suite name="Default suite" duration-ms="7858" started-at="2019-06-22T11:15:02Z" finished-at="2019-06-22T11:15:10Z">
    <groups>
    </groups>
    <test name="Default test" duration-ms="7858" started-at="2019-06-22T11:15:02Z" finished-at="2019-06-22T11:15:10Z">
      <class name="FirstTest">
        <test-method status="PASS" signature="setupTest()[pri:0, instance:FirstTest@61832929]" name="setupTest" is-config="true" duration-ms="7022" started-at="2019-06-22T11:15:02Z" finished-at="2019-06-22T11:15:09Z">
          <reporter-output>
          </reporter-output>
        </test-method> <!-- setupTest -->
        <test-method status="PASS" signature="firstTest()[pri:0, instance:FirstTest@61832929]" name="firstTest" duration-ms="22" started-at="2019-06-22T11:15:09Z" finished-at="2019-06-22T11:15:09Z">
          <reporter-output>
          </reporter-output>
        </test-method> <!-- firstTest -->
        <test-method status="PASS" signature="teardownTest()[pri:0, instance:FirstTest@61832929]" name="teardownTest" is-config="true" duration-ms="777" started-at="2019-06-22T11:15:09Z" finished-at="2019-06-22T11:15:10Z">
          <reporter-output>
          </reporter-output>
        </test-method> <!-- teardownTest -->
      </class> <!-- FirstTest -->
    </test> <!-- Default test -->
  </suite> <!-- Default suite -->
</testng-results>
